<?xml version="1.0" encoding="UTF-8"?>
<!-- Generated by org.testng.reporters.JUnitReportReporter -->
<testsuite skipped="0" hostname="iSwasu" name="Priya.ExcelCheck" tests="1" failures="0" timestamp="2020-08-14T16:02:08 IST" time="1.033" errors="0">
  <testcase name="checkExcel" time="1.033" classname="Priya.ExcelCheck"/>
  <system-out/>
</testsuite> <!-- Priya.ExcelCheck -->
