<?xml version="1.0" encoding="UTF-8"?>
<!-- Generated by org.testng.reporters.JUnitReportReporter -->
<testsuite skipped="1" hostname="iSwasu" name="Priya.validateTitle" tests="2" failures="0" timestamp="2020-08-14T18:12:51 IST" time="17.198" errors="0">
  <testcase name="titleCheck" time="17.198" classname="Priya.validateTitle"/>
  <system-out/>
  <testcase name="Pr" classname="Priya.validateTitle">
    <skipped/>
  </testcase> <!-- Pr -->
  <system-out/>
</testsuite> <!-- Priya.validateTitle -->
