<?xml version="1.0" encoding="UTF-8"?>
<!-- Generated by org.testng.reporters.JUnitReportReporter -->
<testsuite skipped="0" hostname="iSwasu" name="resources.base" tests="1" failures="0" timestamp="2020-08-13T12:53:24 IST" time="17.400" errors="0">
  <testcase name="get" time="17.400" classname="resources.base"/>
  <system-out/>
</testsuite> <!-- resources.base -->
