<?xml version="1.0" encoding="UTF-8"?>
<!-- Generated by org.testng.reporters.JUnitReportReporter -->
<testsuite hostname="iSwasu" failures="0" tests="2" name="Priya.validateTitle" time="20.737" errors="0" timestamp="2020-08-15T11:33:37 IST" skipped="1">
  <testcase classname="Priya.validateTitle" name="titleCheck" time="20.737"/>
  <system-out/>
  <testcase classname="Priya.validateTitle" name="Pr">
    <skipped/>
  </testcase> <!-- Pr -->
  <system-out/>
</testsuite> <!-- Priya.validateTitle -->
